Using pre-set license
Built from '2021.1/release' branch; Version is '2021.1.0f1 (61a549675243) revision 6399305'; Using compiler version '192528614'; Build Type 'Release'
OS: 'Windows 10 Pro; OS build 19041.867; Version 2004; 64bit' Language: 'de' Physical Memory: 16276 MB
BatchMode: 1, IsHumanControllingUs: 0, StartBugReporterOnCrash: 0, Is64bit: 1, IsPro: 0

 COMMAND LINE ARGUMENTS:
E:\Unity\2021.1.0f1\Editor\Unity.exe
-adb2
-batchMode
-noUpm
-name
AssetImportWorker0
-projectPath
E:/UnityProjects/Stanky-Swashbuckler
-logFile
Logs/AssetImportWorker0.log
-srvPort
49728
Successfully changed project path to: E:/UnityProjects/Stanky-Swashbuckler
E:/UnityProjects/Stanky-Swashbuckler
Using Asset Import Pipeline V2.
Refreshing native plugins compatible for Editor in 40.04 ms, found 0 plugins.
Preloading 0 native plugins for Editor in 0.00 ms.
Initialize engine version: 2021.1.0f1 (61a549675243)
[Subsystems] Discovering subsystems at path E:/Unity/2021.1.0f1/Editor/Data/Resources/UnitySubsystems
[Subsystems] Discovering subsystems at path E:/UnityProjects/Stanky-Swashbuckler/Assets
GfxDevice: creating device client; threaded=0; jobified=0
Direct3D:
    Version:  Direct3D 11.0 [level 11.1]
    Renderer: NVIDIA GeForce GTX 1070 (ID=0x1b81)
    Vendor:   NVIDIA
    VRAM:     8088 MB
    Driver:   27.21.14.6109
Shader 'Universal Render Pipeline/Particles/Lit': fallback shader 'Universal Render Pipeline/Particles/SimpleLit' not found
Initialize mono
Mono path[0] = 'E:/Unity/2021.1.0f1/Editor/Data/Managed'
Mono path[1] = 'E:/Unity/2021.1.0f1/Editor/Data/MonoBleedingEdge/lib/mono/unityjit'
Mono config path = 'E:/Unity/2021.1.0f1/Editor/Data/MonoBleedingEdge/etc'
Using monoOptions --debugger-agent=transport=dt_socket,embedding=1,server=y,suspend=n,address=127.0.0.1:56016
Begin MonoManager ReloadAssembly
Registering precompiled unity dll's ...
Register platform support module: E:/Unity/2021.1.0f1/Editor/Data/PlaybackEngines/WindowsStandaloneSupport/UnityEditor.WindowsStandalone.Extensions.dll
Registered in 0.000861 seconds.
Native extension for WindowsStandalone target not found
Refreshing native plugins compatible for Editor in 43.29 ms, found 0 plugins.
Preloading 0 native plugins for Editor in 0.00 ms.
Mono: successfully reloaded assembly
- Completed reload, in  0.846 seconds
Platform modules already initialized, skipping
Registering precompiled user dll's ...
Registered in 0.000615 seconds.
Begin MonoManager ReloadAssembly
Native extension for WindowsStandalone target not found
Refreshing native plugins compatible for Editor in 57.65 ms, found 0 plugins.
Preloading 0 native plugins for Editor in 0.00 ms.
Mono: successfully reloaded assembly
- Completed reload, in  1.200 seconds
Platform modules already initialized, skipping
========================================================================
Worker process is ready to serve import requests
Shader 'Universal Render Pipeline/Particles/Lit': fallback shader 'Universal Render Pipeline/Particles/SimpleLit' not found
Launched and connected shader compiler UnityShaderCompiler.exe after 0.06 seconds
Refreshing native plugins compatible for Editor in 0.73 ms, found 0 plugins.
Preloading 0 native plugins for Editor in 0.00 ms.
Unloading 2758 Unused Serialized files (Serialized files now loaded: 0)
System memory in use before: 126.9 MB.
System memory in use after: 127.1 MB.

Unloading 11 unused Assets to reduce memory usage. Loaded Objects now: 3221.
Total: 2.835100 ms (FindLiveObjects: 0.329100 ms CreateObjectMapping: 0.221900 ms MarkObjects: 2.209100 ms  DeleteObjects: 0.071500 ms)

========================================================================
Received Import Request.
  path: Assets/Prefabs/PlayerParrent.prefab
  artifactKey: Guid(b35bbd9183353ba4d8a720a9438165d8) Importer(815301076,1909f56bfc062723c751e8b465ee728b)
Start importing Assets/Prefabs/PlayerParrent.prefab using Guid(b35bbd9183353ba4d8a720a9438165d8) Importer(815301076,1909f56bfc062723c751e8b465ee728b)  -> (artifact id: '28f86457f3d4ad3ed5897c83d2b454fa') in 0.388350 seconds 
========================================================================
Received Import Request.
  Time since last request: 21.782531 seconds.
  path: Assets/Prefabs/PlayerParrent.prefab
  artifactKey: Guid(b35bbd9183353ba4d8a720a9438165d8) Importer(815301076,1909f56bfc062723c751e8b465ee728b)
Start importing Assets/Prefabs/PlayerParrent.prefab using Guid(b35bbd9183353ba4d8a720a9438165d8) Importer(815301076,1909f56bfc062723c751e8b465ee728b)  -> (artifact id: '15d92eb117dc22423bca2d024396f36e') in 0.077459 seconds 
========================================================================
Received Import Request.
  Time since last request: 6.169066 seconds.
  path: Assets/Prefabs/PlayerParrent.prefab
  artifactKey: Guid(b35bbd9183353ba4d8a720a9438165d8) Importer(815301076,1909f56bfc062723c751e8b465ee728b)
Start importing Assets/Prefabs/PlayerParrent.prefab using Guid(b35bbd9183353ba4d8a720a9438165d8) Importer(815301076,1909f56bfc062723c751e8b465ee728b)  -> (artifact id: 'f8c29527afa317ab5db5fb7d21e11ecb') in 0.068655 seconds 
========================================================================
Received Import Request.
  Time since last request: 6.606503 seconds.
  path: Assets/Prefabs/PlayerParrent.prefab
  artifactKey: Guid(b35bbd9183353ba4d8a720a9438165d8) Importer(815301076,1909f56bfc062723c751e8b465ee728b)
Start importing Assets/Prefabs/PlayerParrent.prefab using Guid(b35bbd9183353ba4d8a720a9438165d8) Importer(815301076,1909f56bfc062723c751e8b465ee728b)  -> (artifact id: '3b901de3cee03e6b5784a76a016b77b8') in 0.068096 seconds 
========================================================================
Received Import Request.
  Time since last request: 7.998604 seconds.
  path: Assets/Prefabs/PlayerParrent.prefab
  artifactKey: Guid(b35bbd9183353ba4d8a720a9438165d8) Importer(815301076,1909f56bfc062723c751e8b465ee728b)
Start importing Assets/Prefabs/PlayerParrent.prefab using Guid(b35bbd9183353ba4d8a720a9438165d8) Importer(815301076,1909f56bfc062723c751e8b465ee728b)  -> (artifact id: '415e96c3d11d68e268e9bdcb960f2366') in 0.069443 seconds 
========================================================================
Received Import Request.
  Time since last request: 14.252123 seconds.
  path: Assets/Prefabs/PlayerParrent.prefab
  artifactKey: Guid(b35bbd9183353ba4d8a720a9438165d8) Importer(815301076,1909f56bfc062723c751e8b465ee728b)
Start importing Assets/Prefabs/PlayerParrent.prefab using Guid(b35bbd9183353ba4d8a720a9438165d8) Importer(815301076,1909f56bfc062723c751e8b465ee728b)  -> (artifact id: '9729d924f7a230414266de3f57311862') in 0.073584 seconds 
========================================================================
Received Import Request.
  Time since last request: 2.137476 seconds.
  path: Assets/Prefabs/PlayerParrent.prefab
  artifactKey: Guid(b35bbd9183353ba4d8a720a9438165d8) Importer(815301076,1909f56bfc062723c751e8b465ee728b)
Start importing Assets/Prefabs/PlayerParrent.prefab using Guid(b35bbd9183353ba4d8a720a9438165d8) Importer(815301076,1909f56bfc062723c751e8b465ee728b)  -> (artifact id: '12f692c8401625f029c3c13b6445eb5a') in 0.078194 seconds 
========================================================================
Received Import Request.
  Time since last request: 4.756800 seconds.
  path: Assets/Prefabs/PlayerParrent.prefab
  artifactKey: Guid(b35bbd9183353ba4d8a720a9438165d8) Importer(815301076,1909f56bfc062723c751e8b465ee728b)
Start importing Assets/Prefabs/PlayerParrent.prefab using Guid(b35bbd9183353ba4d8a720a9438165d8) Importer(815301076,1909f56bfc062723c751e8b465ee728b)  -> (artifact id: '3e96ee7527bf72002b8de51f166b73db') in 0.079226 seconds 
========================================================================
Received Import Request.
  Time since last request: 23.680284 seconds.
  path: Assets/Prefabs/PlayerParrent.prefab
  artifactKey: Guid(b35bbd9183353ba4d8a720a9438165d8) Importer(815301076,1909f56bfc062723c751e8b465ee728b)
Start importing Assets/Prefabs/PlayerParrent.prefab using Guid(b35bbd9183353ba4d8a720a9438165d8) Importer(815301076,1909f56bfc062723c751e8b465ee728b)  -> (artifact id: '10d9e9ce240f55fb951b7cd60a4c30cb') in 0.071022 seconds 
========================================================================
Received Import Request.
  Time since last request: 4.955100 seconds.
  path: Assets/Prefabs/PlayerParrent.prefab
  artifactKey: Guid(b35bbd9183353ba4d8a720a9438165d8) Importer(815301076,1909f56bfc062723c751e8b465ee728b)
Start importing Assets/Prefabs/PlayerParrent.prefab using Guid(b35bbd9183353ba4d8a720a9438165d8) Importer(815301076,1909f56bfc062723c751e8b465ee728b)  -> (artifact id: '02b3b0e5819a867112cd552b7b155555') in 0.070681 seconds 
========================================================================
Received Import Request.
  Time since last request: 5.354004 seconds.
  path: Assets/Prefabs/PlayerParrent.prefab
  artifactKey: Guid(b35bbd9183353ba4d8a720a9438165d8) Importer(815301076,1909f56bfc062723c751e8b465ee728b)
Start importing Assets/Prefabs/PlayerParrent.prefab using Guid(b35bbd9183353ba4d8a720a9438165d8) Importer(815301076,1909f56bfc062723c751e8b465ee728b)  -> (artifact id: 'f30ecf594145b648998aa8d501054027') in 0.066454 seconds 
========================================================================
Received Import Request.
  Time since last request: 3.559751 seconds.
  path: Assets/Prefabs/PlayerParrent.prefab
  artifactKey: Guid(b35bbd9183353ba4d8a720a9438165d8) Importer(815301076,1909f56bfc062723c751e8b465ee728b)
Start importing Assets/Prefabs/PlayerParrent.prefab using Guid(b35bbd9183353ba4d8a720a9438165d8) Importer(815301076,1909f56bfc062723c751e8b465ee728b)  -> (artifact id: '60c623c01813eaea611281a08c0b7edd') in 0.067643 seconds 
========================================================================
Received Import Request.
  Time since last request: 2.967638 seconds.
  path: Assets/Prefabs/PlayerParrent.prefab
  artifactKey: Guid(b35bbd9183353ba4d8a720a9438165d8) Importer(815301076,1909f56bfc062723c751e8b465ee728b)
Start importing Assets/Prefabs/PlayerParrent.prefab using Guid(b35bbd9183353ba4d8a720a9438165d8) Importer(815301076,1909f56bfc062723c751e8b465ee728b)  -> (artifact id: '301eba7b1c60a0143e7aae5e1a657d6d') in 0.076987 seconds 
========================================================================
Received Import Request.
  Time since last request: 2.936626 seconds.
  path: Assets/Prefabs/PlayerParrent.prefab
  artifactKey: Guid(b35bbd9183353ba4d8a720a9438165d8) Importer(815301076,1909f56bfc062723c751e8b465ee728b)
Start importing Assets/Prefabs/PlayerParrent.prefab using Guid(b35bbd9183353ba4d8a720a9438165d8) Importer(815301076,1909f56bfc062723c751e8b465ee728b)  -> (artifact id: '8205026c36b7413e002e9f5ff8019250') in 0.078501 seconds 
========================================================================
Received Prepare
Registering precompiled user dll's ...
Registered in 0.000642 seconds.
Begin MonoManager ReloadAssembly
Native extension for WindowsStandalone target not found
Refreshing native plugins compatible for Editor in 0.40 ms, found 0 plugins.
Preloading 0 native plugins for Editor in 0.00 ms.
Mono: successfully reloaded assembly
- Completed reload, in  0.890 seconds
Platform modules already initialized, skipping
Shader 'Universal Render Pipeline/Particles/Lit': fallback shader 'Universal Render Pipeline/Particles/SimpleLit' not found
Refreshing native plugins compatible for Editor in 0.38 ms, found 0 plugins.
Preloading 0 native plugins for Editor in 0.00 ms.
Unloading 2648 Unused Serialized files (Serialized files now loaded: 0)
System memory in use before: 127.1 MB.
System memory in use after: 127.3 MB.

Unloading 4 unused Assets to reduce memory usage. Loaded Objects now: 3270.
Total: 2.268900 ms (FindLiveObjects: 0.245400 ms CreateObjectMapping: 0.138400 ms MarkObjects: 1.849600 ms  DeleteObjects: 0.021800 ms)

========================================================================
Received Import Request.
  Time since last request: 41.002567 seconds.
  path: Assets/Prefabs/PlayerParrent.prefab
  artifactKey: Guid(b35bbd9183353ba4d8a720a9438165d8) Importer(815301076,1909f56bfc062723c751e8b465ee728b)
Start importing Assets/Prefabs/PlayerParrent.prefab using Guid(b35bbd9183353ba4d8a720a9438165d8) Importer(815301076,1909f56bfc062723c751e8b465ee728b)  -> (artifact id: '17c812ff63270b2ae4e4f0ef890e59a2') in 0.212034 seconds 
========================================================================
Received Prepare
Registering precompiled user dll's ...
Registered in 0.000662 seconds.
Begin MonoManager ReloadAssembly
Native extension for WindowsStandalone target not found
Refreshing native plugins compatible for Editor in 0.40 ms, found 0 plugins.
Preloading 0 native plugins for Editor in 0.00 ms.
Mono: successfully reloaded assembly
- Completed reload, in  0.816 seconds
Platform modules already initialized, skipping
Shader 'Universal Render Pipeline/Particles/Lit': fallback shader 'Universal Render Pipeline/Particles/SimpleLit' not found
Refreshing native plugins compatible for Editor in 0.39 ms, found 0 plugins.
Preloading 0 native plugins for Editor in 0.00 ms.
Unloading 2648 Unused Serialized files (Serialized files now loaded: 0)
System memory in use before: 127.2 MB.
System memory in use after: 127.4 MB.

Unloading 4 unused Assets to reduce memory usage. Loaded Objects now: 3309.
Total: 2.158300 ms (FindLiveObjects: 0.222300 ms CreateObjectMapping: 0.118400 ms MarkObjects: 1.802300 ms  DeleteObjects: 0.014300 ms)

========================================================================
Received Prepare
Registering precompiled user dll's ...
Registered in 0.000674 seconds.
Begin MonoManager ReloadAssembly
Native extension for WindowsStandalone target not found
Refreshing native plugins compatible for Editor in 0.38 ms, found 0 plugins.
Preloading 0 native plugins for Editor in 0.00 ms.
Mono: successfully reloaded assembly
- Completed reload, in  0.830 seconds
Platform modules already initialized, skipping
Shader 'Universal Render Pipeline/Particles/Lit': fallback shader 'Universal Render Pipeline/Particles/SimpleLit' not found
Refreshing native plugins compatible for Editor in 0.46 ms, found 0 plugins.
Preloading 0 native plugins for Editor in 0.00 ms.
Unloading 2648 Unused Serialized files (Serialized files now loaded: 0)
System memory in use before: 127.2 MB.
System memory in use after: 127.5 MB.

Unloading 4 unused Assets to reduce memory usage. Loaded Objects now: 3312.
Total: 2.940100 ms (FindLiveObjects: 0.245800 ms CreateObjectMapping: 0.137100 ms MarkObjects: 2.540300 ms  DeleteObjects: 0.016000 ms)

========================================================================
Received Prepare
Registering precompiled user dll's ...
Registered in 0.000779 seconds.
Begin MonoManager ReloadAssembly
Native extension for WindowsStandalone target not found
Refreshing native plugins compatible for Editor in 0.94 ms, found 0 plugins.
Preloading 0 native plugins for Editor in 0.00 ms.
Mono: successfully reloaded assembly
- Completed reload, in  1.178 seconds
Platform modules already initialized, skipping
Shader 'Universal Render Pipeline/Particles/Lit': fallback shader 'Universal Render Pipeline/Particles/SimpleLit' not found
Refreshing native plugins compatible for Editor in 0.73 ms, found 0 plugins.
Preloading 0 native plugins for Editor in 0.00 ms.
Unloading 2648 Unused Serialized files (Serialized files now loaded: 0)
System memory in use before: 127.2 MB.
System memory in use after: 127.4 MB.

Unloading 4 unused Assets to reduce memory usage. Loaded Objects now: 3315.
Total: 3.372700 ms (FindLiveObjects: 0.329100 ms CreateObjectMapping: 0.186900 ms MarkObjects: 2.834600 ms  DeleteObjects: 0.019900 ms)

========================================================================
Received Prepare
Registering precompiled user dll's ...
Registered in 0.001135 seconds.
Begin MonoManager ReloadAssembly
Native extension for WindowsStandalone target not found
Refreshing native plugins compatible for Editor in 0.59 ms, found 0 plugins.
Preloading 0 native plugins for Editor in 0.00 ms.
Mono: successfully reloaded assembly
- Completed reload, in  1.020 seconds
Platform modules already initialized, skipping
Shader 'Universal Render Pipeline/Particles/Lit': fallback shader 'Universal Render Pipeline/Particles/SimpleLit' not found
Refreshing native plugins compatible for Editor in 0.61 ms, found 0 plugins.
Preloading 0 native plugins for Editor in 0.00 ms.
Unloading 2648 Unused Serialized files (Serialized files now loaded: 0)
System memory in use before: 127.2 MB.
System memory in use after: 127.4 MB.

Unloading 4 unused Assets to reduce memory usage. Loaded Objects now: 3318.
Total: 3.525900 ms (FindLiveObjects: 0.387700 ms CreateObjectMapping: 0.755800 ms MarkObjects: 2.363800 ms  DeleteObjects: 0.017100 ms)

========================================================================
Received Prepare
Registering precompiled user dll's ...
Registered in 0.001137 seconds.
Begin MonoManager ReloadAssembly
Native extension for WindowsStandalone target not found
Refreshing native plugins compatible for Editor in 0.47 ms, found 0 plugins.
Preloading 0 native plugins for Editor in 0.00 ms.
Mono: successfully reloaded assembly
- Completed reload, in  1.008 seconds
Platform modules already initialized, skipping
Shader 'Universal Render Pipeline/Particles/Lit': fallback shader 'Universal Render Pipeline/Particles/SimpleLit' not found
Refreshing native plugins compatible for Editor in 0.63 ms, found 0 plugins.
Preloading 0 native plugins for Editor in 0.00 ms.
Unloading 2648 Unused Serialized files (Serialized files now loaded: 0)
System memory in use before: 127.2 MB.
System memory in use after: 127.4 MB.

Unloading 4 unused Assets to reduce memory usage. Loaded Objects now: 3321.
Total: 4.814100 ms (FindLiveObjects: 0.318100 ms CreateObjectMapping: 0.170600 ms MarkObjects: 4.303500 ms  DeleteObjects: 0.020300 ms)

========================================================================
Received Prepare
Registering precompiled user dll's ...
Registered in 0.002031 seconds.
Begin MonoManager ReloadAssembly
Native extension for WindowsStandalone target not found
Refreshing native plugins compatible for Editor in 0.56 ms, found 0 plugins.
Preloading 0 native plugins for Editor in 0.00 ms.
Mono: successfully reloaded assembly
- Completed reload, in  1.103 seconds
Platform modules already initialized, skipping
Shader 'Universal Render Pipeline/Particles/Lit': fallback shader 'Universal Render Pipeline/Particles/SimpleLit' not found
Refreshing native plugins compatible for Editor in 0.62 ms, found 0 plugins.
Preloading 0 native plugins for Editor in 0.00 ms.
Unloading 2648 Unused Serialized files (Serialized files now loaded: 0)
System memory in use before: 127.2 MB.
System memory in use after: 127.4 MB.

Unloading 4 unused Assets to reduce memory usage. Loaded Objects now: 3324.
Total: 3.642600 ms (FindLiveObjects: 0.555900 ms CreateObjectMapping: 0.355800 ms MarkObjects: 2.710500 ms  DeleteObjects: 0.018400 ms)

========================================================================
Received Prepare
Registering precompiled user dll's ...
Registered in 0.000770 seconds.
Begin MonoManager ReloadAssembly
Native extension for WindowsStandalone target not found
Refreshing native plugins compatible for Editor in 0.40 ms, found 0 plugins.
Preloading 0 native plugins for Editor in 0.00 ms.
Mono: successfully reloaded assembly
- Completed reload, in  0.834 seconds
Platform modules already initialized, skipping
Shader 'Universal Render Pipeline/Particles/Lit': fallback shader 'Universal Render Pipeline/Particles/SimpleLit' not found
Refreshing native plugins compatible for Editor in 0.85 ms, found 0 plugins.
Preloading 0 native plugins for Editor in 0.00 ms.
Unloading 2648 Unused Serialized files (Serialized files now loaded: 0)
System memory in use before: 127.2 MB.
System memory in use after: 127.4 MB.

Unloading 4 unused Assets to reduce memory usage. Loaded Objects now: 3327.
Total: 2.679200 ms (FindLiveObjects: 0.364100 ms CreateObjectMapping: 0.203900 ms MarkObjects: 2.091600 ms  DeleteObjects: 0.017300 ms)

========================================================================
Received Prepare
Registering precompiled user dll's ...
Registered in 0.000694 seconds.
Begin MonoManager ReloadAssembly
Native extension for WindowsStandalone target not found
Refreshing native plugins compatible for Editor in 0.41 ms, found 0 plugins.
Preloading 0 native plugins for Editor in 0.00 ms.
Mono: successfully reloaded assembly
- Completed reload, in  0.826 seconds
Platform modules already initialized, skipping
Shader 'Universal Render Pipeline/Particles/Lit': fallback shader 'Universal Render Pipeline/Particles/SimpleLit' not found
Refreshing native plugins compatible for Editor in 0.39 ms, found 0 plugins.
Preloading 0 native plugins for Editor in 0.00 ms.
Unloading 2648 Unused Serialized files (Serialized files now loaded: 0)
System memory in use before: 127.2 MB.
System memory in use after: 127.4 MB.

Unloading 4 unused Assets to reduce memory usage. Loaded Objects now: 3330.
Total: 2.116000 ms (FindLiveObjects: 0.216300 ms CreateObjectMapping: 0.117600 ms MarkObjects: 1.767100 ms  DeleteObjects: 0.013600 ms)

========================================================================
Received Prepare
Registering precompiled user dll's ...
Registered in 0.000744 seconds.
Begin MonoManager ReloadAssembly
Native extension for WindowsStandalone target not found
Refreshing native plugins compatible for Editor in 0.38 ms, found 0 plugins.
Preloading 0 native plugins for Editor in 0.00 ms.
Mono: successfully reloaded assembly
- Completed reload, in  0.846 seconds
Platform modules already initialized, skipping
Shader 'Universal Render Pipeline/Particles/Lit': fallback shader 'Universal Render Pipeline/Particles/SimpleLit' not found
Refreshing native plugins compatible for Editor in 0.39 ms, found 0 plugins.
Preloading 0 native plugins for Editor in 0.00 ms.
Unloading 2648 Unused Serialized files (Serialized files now loaded: 0)
System memory in use before: 127.2 MB.
System memory in use after: 127.4 MB.

Unloading 4 unused Assets to reduce memory usage. Loaded Objects now: 3333.
Total: 3.226300 ms (FindLiveObjects: 0.255100 ms CreateObjectMapping: 0.148700 ms MarkObjects: 2.800500 ms  DeleteObjects: 0.020500 ms)

========================================================================
Received Prepare
Registering precompiled user dll's ...
Registered in 0.000655 seconds.
Begin MonoManager ReloadAssembly
Native extension for WindowsStandalone target not found
Refreshing native plugins compatible for Editor in 0.38 ms, found 0 plugins.
Preloading 0 native plugins for Editor in 0.00 ms.
Mono: successfully reloaded assembly
- Completed reload, in  0.826 seconds
Platform modules already initialized, skipping
Shader 'Universal Render Pipeline/Particles/Lit': fallback shader 'Universal Render Pipeline/Particles/SimpleLit' not found
Refreshing native plugins compatible for Editor in 0.39 ms, found 0 plugins.
Preloading 0 native plugins for Editor in 0.00 ms.
Unloading 2648 Unused Serialized files (Serialized files now loaded: 0)
System memory in use before: 127.2 MB.
System memory in use after: 127.4 MB.

Unloading 4 unused Assets to reduce memory usage. Loaded Objects now: 3336.
Total: 2.613400 ms (FindLiveObjects: 0.238300 ms CreateObjectMapping: 0.122500 ms MarkObjects: 2.236000 ms  DeleteObjects: 0.015600 ms)

========================================================================
Received Import Request.
  Time since last request: 1617.535507 seconds.
  path: Assets/Prefabs/PlayerParrent.prefab
  artifactKey: Guid(b35bbd9183353ba4d8a720a9438165d8) Importer(815301076,1909f56bfc062723c751e8b465ee728b)
Start importing Assets/Prefabs/PlayerParrent.prefab using Guid(b35bbd9183353ba4d8a720a9438165d8) Importer(815301076,1909f56bfc062723c751e8b465ee728b)  -> (artifact id: '2ffbeccf45fc976e595ca6ee81bf1c3e') in 0.231255 seconds 
========================================================================
Received Prepare
Registering precompiled user dll's ...
Registered in 0.000748 seconds.
Begin MonoManager ReloadAssembly
Native extension for WindowsStandalone target not found
Refreshing native plugins compatible for Editor in 0.38 ms, found 0 plugins.
Preloading 0 native plugins for Editor in 0.00 ms.
Mono: successfully reloaded assembly
- Completed reload, in  0.872 seconds
Platform modules already initialized, skipping
Shader 'Universal Render Pipeline/Particles/Lit': fallback shader 'Universal Render Pipeline/Particles/SimpleLit' not found
Refreshing native plugins compatible for Editor in 0.37 ms, found 0 plugins.
Preloading 0 native plugins for Editor in 0.00 ms.
Unloading 2648 Unused Serialized files (Serialized files now loaded: 0)
System memory in use before: 127.4 MB.
System memory in use after: 127.7 MB.

Unloading 4 unused Assets to reduce memory usage. Loaded Objects now: 3375.
Total: 2.650300 ms (FindLiveObjects: 0.225300 ms CreateObjectMapping: 0.119100 ms MarkObjects: 2.288800 ms  DeleteObjects: 0.015500 ms)

========================================================================
Received Prepare
Registering precompiled user dll's ...
Registered in 0.000666 seconds.
Begin MonoManager ReloadAssembly
Native extension for WindowsStandalone target not found
Refreshing native plugins compatible for Editor in 0.49 ms, found 0 plugins.
Preloading 0 native plugins for Editor in 0.00 ms.
Mono: successfully reloaded assembly
- Completed reload, in  0.865 seconds
Platform modules already initialized, skipping
Shader 'Universal Render Pipeline/Particles/Lit': fallback shader 'Universal Render Pipeline/Particles/SimpleLit' not found
Refreshing native plugins compatible for Editor in 0.38 ms, found 0 plugins.
Preloading 0 native plugins for Editor in 0.00 ms.
Unloading 2648 Unused Serialized files (Serialized files now loaded: 0)
System memory in use before: 127.4 MB.
System memory in use after: 127.7 MB.

Unloading 4 unused Assets to reduce memory usage. Loaded Objects now: 3378.
Total: 2.422700 ms (FindLiveObjects: 0.264000 ms CreateObjectMapping: 0.141100 ms MarkObjects: 2.001600 ms  DeleteObjects: 0.015100 ms)

========================================================================
Received Prepare
Registering precompiled user dll's ...
Registered in 0.000665 seconds.
Begin MonoManager ReloadAssembly
Native extension for WindowsStandalone target not found
Refreshing native plugins compatible for Editor in 0.48 ms, found 0 plugins.
Preloading 0 native plugins for Editor in 0.00 ms.
Mono: successfully reloaded assembly
- Completed reload, in  0.831 seconds
Platform modules already initialized, skipping
Shader 'Universal Render Pipeline/Particles/Lit': fallback shader 'Universal Render Pipeline/Particles/SimpleLit' not found
Refreshing native plugins compatible for Editor in 0.38 ms, found 0 plugins.
Preloading 0 native plugins for Editor in 0.00 ms.
Unloading 2648 Unused Serialized files (Serialized files now loaded: 0)
System memory in use before: 127.4 MB.
System memory in use after: 127.7 MB.

Unloading 4 unused Assets to reduce memory usage. Loaded Objects now: 3381.
Total: 2.301200 ms (FindLiveObjects: 0.233400 ms CreateObjectMapping: 0.118400 ms MarkObjects: 1.932300 ms  DeleteObjects: 0.016000 ms)

========================================================================
Received Prepare
Registering precompiled user dll's ...
Registered in 0.000736 seconds.
Begin MonoManager ReloadAssembly
Native extension for WindowsStandalone target not found
Refreshing native plugins compatible for Editor in 0.42 ms, found 0 plugins.
Preloading 0 native plugins for Editor in 0.00 ms.
Mono: successfully reloaded assembly
- Completed reload, in  1.032 seconds
Platform modules already initialized, skipping
Shader 'Universal Render Pipeline/Particles/Lit': fallback shader 'Universal Render Pipeline/Particles/SimpleLit' not found
Refreshing native plugins compatible for Editor in 0.50 ms, found 0 plugins.
Preloading 0 native plugins for Editor in 0.00 ms.
Unloading 2648 Unused Serialized files (Serialized files now loaded: 0)
System memory in use before: 127.4 MB.
System memory in use after: 127.7 MB.

Unloading 4 unused Assets to reduce memory usage. Loaded Objects now: 3384.
Total: 3.444000 ms (FindLiveObjects: 0.310100 ms CreateObjectMapping: 0.166400 ms MarkObjects: 2.953700 ms  DeleteObjects: 0.013100 ms)

========================================================================
Received Prepare
Registering precompiled user dll's ...
Registered in 0.000861 seconds.
Begin MonoManager ReloadAssembly
Native extension for WindowsStandalone target not found
Refreshing native plugins compatible for Editor in 0.45 ms, found 0 plugins.
Preloading 0 native plugins for Editor in 0.00 ms.
Mono: successfully reloaded assembly
- Completed reload, in  0.845 seconds
Platform modules already initialized, skipping
Shader 'Universal Render Pipeline/Particles/Lit': fallback shader 'Universal Render Pipeline/Particles/SimpleLit' not found
Refreshing native plugins compatible for Editor in 0.37 ms, found 0 plugins.
Preloading 0 native plugins for Editor in 0.00 ms.
Unloading 2648 Unused Serialized files (Serialized files now loaded: 0)
System memory in use before: 127.5 MB.
System memory in use after: 127.7 MB.

Unloading 4 unused Assets to reduce memory usage. Loaded Objects now: 3387.
Total: 2.567500 ms (FindLiveObjects: 0.290900 ms CreateObjectMapping: 0.133800 ms MarkObjects: 2.126900 ms  DeleteObjects: 0.014900 ms)

========================================================================
Received Prepare
Registering precompiled user dll's ...
Registered in 0.000640 seconds.
Begin MonoManager ReloadAssembly
Native extension for WindowsStandalone target not found
Refreshing native plugins compatible for Editor in 0.40 ms, found 0 plugins.
Preloading 0 native plugins for Editor in 0.00 ms.
Mono: successfully reloaded assembly
- Completed reload, in  0.845 seconds
Platform modules already initialized, skipping
Shader 'Universal Render Pipeline/Particles/Lit': fallback shader 'Universal Render Pipeline/Particles/SimpleLit' not found
Refreshing native plugins compatible for Editor in 0.38 ms, found 0 plugins.
Preloading 0 native plugins for Editor in 0.00 ms.
Unloading 2648 Unused Serialized files (Serialized files now loaded: 0)
System memory in use before: 127.5 MB.
System memory in use after: 127.7 MB.

Unloading 4 unused Assets to reduce memory usage. Loaded Objects now: 3390.
Total: 2.616900 ms (FindLiveObjects: 0.269900 ms CreateObjectMapping: 0.128800 ms MarkObjects: 2.202900 ms  DeleteObjects: 0.014500 ms)

========================================================================
Received Prepare
Registering precompiled user dll's ...
Registered in 0.001241 seconds.
Begin MonoManager ReloadAssembly
Native extension for WindowsStandalone target not found
Refreshing native plugins compatible for Editor in 0.41 ms, found 0 plugins.
Preloading 0 native plugins for Editor in 0.00 ms.
Mono: successfully reloaded assembly
- Completed reload, in  0.930 seconds
Platform modules already initialized, skipping
Shader 'Universal Render Pipeline/Particles/Lit': fallback shader 'Universal Render Pipeline/Particles/SimpleLit' not found
Refreshing native plugins compatible for Editor in 0.45 ms, found 0 plugins.
Preloading 0 native plugins for Editor in 0.00 ms.
Unloading 2648 Unused Serialized files (Serialized files now loaded: 0)
System memory in use before: 127.5 MB.
System memory in use after: 127.7 MB.

Unloading 4 unused Assets to reduce memory usage. Loaded Objects now: 3393.
Total: 4.215000 ms (FindLiveObjects: 0.298000 ms CreateObjectMapping: 0.143500 ms MarkObjects: 3.757500 ms  DeleteObjects: 0.014700 ms)

========================================================================
Received Import Request.
  Time since last request: 898.936899 seconds.
  path: Assets/Prefabs/PlayerParrent.prefab
  artifactKey: Guid(b35bbd9183353ba4d8a720a9438165d8) Importer(815301076,1909f56bfc062723c751e8b465ee728b)
Start importing Assets/Prefabs/PlayerParrent.prefab using Guid(b35bbd9183353ba4d8a720a9438165d8) Importer(815301076,1909f56bfc062723c751e8b465ee728b)  -> (artifact id: 'e243d55cd61440d734b2b320fb4f157e') in 0.217642 seconds 
========================================================================
Received Prepare
Registering precompiled user dll's ...
Registered in 0.000707 seconds.
Begin MonoManager ReloadAssembly
Native extension for WindowsStandalone target not found
Refreshing native plugins compatible for Editor in 0.73 ms, found 0 plugins.
Preloading 0 native plugins for Editor in 0.00 ms.
Mono: successfully reloaded assembly
- Completed reload, in  0.832 seconds
Platform modules already initialized, skipping
Shader 'Universal Render Pipeline/Particles/Lit': fallback shader 'Universal Render Pipeline/Particles/SimpleLit' not found
Refreshing native plugins compatible for Editor in 0.38 ms, found 0 plugins.
Preloading 0 native plugins for Editor in 0.00 ms.
Unloading 2648 Unused Serialized files (Serialized files now loaded: 0)
System memory in use before: 127.6 MB.
System memory in use after: 127.8 MB.

Unloading 4 unused Assets to reduce memory usage. Loaded Objects now: 3432.
Total: 2.488200 ms (FindLiveObjects: 0.265800 ms CreateObjectMapping: 0.131900 ms MarkObjects: 2.074100 ms  DeleteObjects: 0.014600 ms)

========================================================================
Received Import Request.
  Time since last request: 61.270831 seconds.
  path: Assets/Prefabs/PlayerParrent.prefab
  artifactKey: Guid(b35bbd9183353ba4d8a720a9438165d8) Importer(815301076,1909f56bfc062723c751e8b465ee728b)
Start importing Assets/Prefabs/PlayerParrent.prefab using Guid(b35bbd9183353ba4d8a720a9438165d8) Importer(815301076,1909f56bfc062723c751e8b465ee728b)  -> (artifact id: '6e3bff01772478b029b14ff70b384638') in 0.211021 seconds 
========================================================================
Received Import Request.
  Time since last request: 12.849740 seconds.
  path: Assets/Prefabs/PlayerParrent.prefab
  artifactKey: Guid(b35bbd9183353ba4d8a720a9438165d8) Importer(815301076,1909f56bfc062723c751e8b465ee728b)
Start importing Assets/Prefabs/PlayerParrent.prefab using Guid(b35bbd9183353ba4d8a720a9438165d8) Importer(815301076,1909f56bfc062723c751e8b465ee728b)  -> (artifact id: '7fefd21038fe1590e7ba1b5ea490aabc') in 0.069664 seconds 
========================================================================
Received Import Request.
  Time since last request: 24.981061 seconds.
  path: Assets/Prefabs/PlayerParrent.prefab
  artifactKey: Guid(b35bbd9183353ba4d8a720a9438165d8) Importer(815301076,1909f56bfc062723c751e8b465ee728b)
Start importing Assets/Prefabs/PlayerParrent.prefab using Guid(b35bbd9183353ba4d8a720a9438165d8) Importer(815301076,1909f56bfc062723c751e8b465ee728b)  -> (artifact id: 'e718192e56f4a28975d816223b89e613') in 0.069503 seconds 
========================================================================
Received Import Request.
  Time since last request: 8.438790 seconds.
  path: Assets/Prefabs/PlayerParrent.prefab
  artifactKey: Guid(b35bbd9183353ba4d8a720a9438165d8) Importer(815301076,1909f56bfc062723c751e8b465ee728b)
Start importing Assets/Prefabs/PlayerParrent.prefab using Guid(b35bbd9183353ba4d8a720a9438165d8) Importer(815301076,1909f56bfc062723c751e8b465ee728b)  -> (artifact id: 'e6817043a89c8f444205cbf066a26997') in 0.069053 seconds 
========================================================================
Received Import Request.
  Time since last request: 14.271352 seconds.
  path: Assets/Prefabs/PlayerParrent.prefab
  artifactKey: Guid(b35bbd9183353ba4d8a720a9438165d8) Importer(815301076,1909f56bfc062723c751e8b465ee728b)
Start importing Assets/Prefabs/PlayerParrent.prefab using Guid(b35bbd9183353ba4d8a720a9438165d8) Importer(815301076,1909f56bfc062723c751e8b465ee728b)  -> (artifact id: 'd041d6dc9d68a77745682b5959911af1') in 0.068095 seconds 
========================================================================
Received Import Request.
  Time since last request: 12.482860 seconds.
  path: Assets/Prefabs/PlayerParrent.prefab
  artifactKey: Guid(b35bbd9183353ba4d8a720a9438165d8) Importer(815301076,1909f56bfc062723c751e8b465ee728b)
Start importing Assets/Prefabs/PlayerParrent.prefab using Guid(b35bbd9183353ba4d8a720a9438165d8) Importer(815301076,1909f56bfc062723c751e8b465ee728b)  -> (artifact id: 'e5cd12b037eae3265d8c6132288f3bd5') in 0.082115 seconds 
========================================================================
Received Import Request.
  Time since last request: 7.606097 seconds.
  path: Assets/Prefabs/PlayerParrent.prefab
  artifactKey: Guid(b35bbd9183353ba4d8a720a9438165d8) Importer(815301076,1909f56bfc062723c751e8b465ee728b)
Start importing Assets/Prefabs/PlayerParrent.prefab using Guid(b35bbd9183353ba4d8a720a9438165d8) Importer(815301076,1909f56bfc062723c751e8b465ee728b)  -> (artifact id: '98dad467b8e8e1c697edb77d2a356eef') in 0.070072 seconds 
========================================================================
Received Import Request.
  Time since last request: 13.701158 seconds.
  path: Assets/Prefabs/PlayerParrent.prefab
  artifactKey: Guid(b35bbd9183353ba4d8a720a9438165d8) Importer(815301076,1909f56bfc062723c751e8b465ee728b)
Start importing Assets/Prefabs/PlayerParrent.prefab using Guid(b35bbd9183353ba4d8a720a9438165d8) Importer(815301076,1909f56bfc062723c751e8b465ee728b)  -> (artifact id: '936a085bc8523219e523ec74ffbecefb') in 0.083691 seconds 
========================================================================
Received Import Request.
  Time since last request: 10.214949 seconds.
  path: Assets/Prefabs/PlayerParrent.prefab
  artifactKey: Guid(b35bbd9183353ba4d8a720a9438165d8) Importer(815301076,1909f56bfc062723c751e8b465ee728b)
Start importing Assets/Prefabs/PlayerParrent.prefab using Guid(b35bbd9183353ba4d8a720a9438165d8) Importer(815301076,1909f56bfc062723c751e8b465ee728b)  -> (artifact id: '326ec4311ba8aa990f3105f4a9b12f5c') in 0.084849 seconds 
========================================================================
Received Import Request.
  Time since last request: 3.936576 seconds.
  path: Assets/Prefabs/PlayerParrent.prefab
  artifactKey: Guid(b35bbd9183353ba4d8a720a9438165d8) Importer(815301076,1909f56bfc062723c751e8b465ee728b)
Start importing Assets/Prefabs/PlayerParrent.prefab using Guid(b35bbd9183353ba4d8a720a9438165d8) Importer(815301076,1909f56bfc062723c751e8b465ee728b)  -> (artifact id: '846922161759a95c83ccb515cf4a88e3') in 0.088200 seconds 
========================================================================
Received Import Request.
  Time since last request: 3.365174 seconds.
  path: Assets/Prefabs/PlayerParrent.prefab
  artifactKey: Guid(b35bbd9183353ba4d8a720a9438165d8) Importer(815301076,1909f56bfc062723c751e8b465ee728b)
Start importing Assets/Prefabs/PlayerParrent.prefab using Guid(b35bbd9183353ba4d8a720a9438165d8) Importer(815301076,1909f56bfc062723c751e8b465ee728b)  -> (artifact id: '0bf7134b3b4cb9af6551119981ebedd2') in 0.076376 seconds 
========================================================================
Received Import Request.
  Time since last request: 5.342279 seconds.
  path: Assets/Prefabs/PlayerParrent.prefab
  artifactKey: Guid(b35bbd9183353ba4d8a720a9438165d8) Importer(815301076,1909f56bfc062723c751e8b465ee728b)
Start importing Assets/Prefabs/PlayerParrent.prefab using Guid(b35bbd9183353ba4d8a720a9438165d8) Importer(815301076,1909f56bfc062723c751e8b465ee728b)  -> (artifact id: '519a2c63e6372a30ce1ebecf932f7353') in 0.079663 seconds 
========================================================================
Received Import Request.
  Time since last request: 9.778299 seconds.
  path: Assets/Prefabs/PlayerParrent.prefab
  artifactKey: Guid(b35bbd9183353ba4d8a720a9438165d8) Importer(815301076,1909f56bfc062723c751e8b465ee728b)
Start importing Assets/Prefabs/PlayerParrent.prefab using Guid(b35bbd9183353ba4d8a720a9438165d8) Importer(815301076,1909f56bfc062723c751e8b465ee728b)  -> (artifact id: 'c282daffb2ef70d7a9c39d4c88478a9b') in 0.069106 seconds 
========================================================================
Received Import Request.
  Time since last request: 7.464956 seconds.
  path: Assets/Prefabs/PlayerParrent.prefab
  artifactKey: Guid(b35bbd9183353ba4d8a720a9438165d8) Importer(815301076,1909f56bfc062723c751e8b465ee728b)
Start importing Assets/Prefabs/PlayerParrent.prefab using Guid(b35bbd9183353ba4d8a720a9438165d8) Importer(815301076,1909f56bfc062723c751e8b465ee728b)  -> (artifact id: 'e0a84d2cd74130f6f848430cc3d8cab4') in 0.079776 seconds 
========================================================================
Received Import Request.
  Time since last request: 4.544290 seconds.
  path: Assets/Prefabs/PlayerParrent.prefab
  artifactKey: Guid(b35bbd9183353ba4d8a720a9438165d8) Importer(815301076,1909f56bfc062723c751e8b465ee728b)
Start importing Assets/Prefabs/PlayerParrent.prefab using Guid(b35bbd9183353ba4d8a720a9438165d8) Importer(815301076,1909f56bfc062723c751e8b465ee728b)  -> (artifact id: '3c63bbdef4d1d55184b1f9de1a8576db') in 0.079532 seconds 
========================================================================
Received Import Request.
  Time since last request: 9.437718 seconds.
  path: Assets/Prefabs/PlayerParrent.prefab
  artifactKey: Guid(b35bbd9183353ba4d8a720a9438165d8) Importer(815301076,1909f56bfc062723c751e8b465ee728b)
Start importing Assets/Prefabs/PlayerParrent.prefab using Guid(b35bbd9183353ba4d8a720a9438165d8) Importer(815301076,1909f56bfc062723c751e8b465ee728b)  -> (artifact id: 'cbe9b77c1a8dcc6e9c8df981b0cfac52') in 0.079822 seconds 
========================================================================
Received Import Request.
  Time since last request: 3.342355 seconds.
  path: Assets/Prefabs/PlayerParrent.prefab
  artifactKey: Guid(b35bbd9183353ba4d8a720a9438165d8) Importer(815301076,1909f56bfc062723c751e8b465ee728b)
Start importing Assets/Prefabs/PlayerParrent.prefab using Guid(b35bbd9183353ba4d8a720a9438165d8) Importer(815301076,1909f56bfc062723c751e8b465ee728b)  -> (artifact id: 'ac6603f362931efb739a5915e7eeb0f7') in 0.081284 seconds 
========================================================================
Received Import Request.
  Time since last request: 6.932954 seconds.
  path: Assets/Prefabs/PlayerParrent.prefab
  artifactKey: Guid(b35bbd9183353ba4d8a720a9438165d8) Importer(815301076,1909f56bfc062723c751e8b465ee728b)
Start importing Assets/Prefabs/PlayerParrent.prefab using Guid(b35bbd9183353ba4d8a720a9438165d8) Importer(815301076,1909f56bfc062723c751e8b465ee728b)  -> (artifact id: '32c5fcf6a3b13e1f376b6de7086a85b6') in 0.080221 seconds 
========================================================================
Received Prepare
Registering precompiled user dll's ...
Registered in 0.000831 seconds.
Begin MonoManager ReloadAssembly
Native extension for WindowsStandalone target not found
Refreshing native plugins compatible for Editor in 0.42 ms, found 0 plugins.
Preloading 0 native plugins for Editor in 0.00 ms.
Mono: successfully reloaded assembly
- Completed reload, in  0.790 seconds
Platform modules already initialized, skipping
Shader 'Universal Render Pipeline/Particles/Lit': fallback shader 'Universal Render Pipeline/Particles/SimpleLit' not found
Refreshing native plugins compatible for Editor in 0.40 ms, found 0 plugins.
Preloading 0 native plugins for Editor in 0.00 ms.
Unloading 2648 Unused Serialized files (Serialized files now loaded: 0)
System memory in use before: 127.7 MB.
System memory in use after: 127.9 MB.

Unloading 4 unused Assets to reduce memory usage. Loaded Objects now: 3471.
Total: 2.489300 ms (FindLiveObjects: 0.223300 ms CreateObjectMapping: 0.109700 ms MarkObjects: 2.135600 ms  DeleteObjects: 0.019300 ms)

========================================================================
Received Import Request.
  Time since last request: 47.551930 seconds.
  path: Assets/Prefabs/PlayerParrent.prefab
  artifactKey: Guid(b35bbd9183353ba4d8a720a9438165d8) Importer(815301076,1909f56bfc062723c751e8b465ee728b)
Start importing Assets/Prefabs/PlayerParrent.prefab using Guid(b35bbd9183353ba4d8a720a9438165d8) Importer(815301076,1909f56bfc062723c751e8b465ee728b)  -> (artifact id: '18f02a4746e3396d7d4071f7de8824e3') in 0.220929 seconds 
========================================================================
Received Import Request.
  Time since last request: 0.379230 seconds.
  path: Assets/Prefabs/PlayerParrent.prefab
  artifactKey: Guid(b35bbd9183353ba4d8a720a9438165d8) Importer(815301076,1909f56bfc062723c751e8b465ee728b)
Start importing Assets/Prefabs/PlayerParrent.prefab using Guid(b35bbd9183353ba4d8a720a9438165d8) Importer(815301076,1909f56bfc062723c751e8b465ee728b)  -> (artifact id: 'f7459620eda674b5cf9012cb2721b81d') in 0.072001 seconds 
========================================================================
Received Import Request.
  Time since last request: 5.583787 seconds.
  path: Assets/Prefabs/PlayerParrent.prefab
  artifactKey: Guid(b35bbd9183353ba4d8a720a9438165d8) Importer(815301076,1909f56bfc062723c751e8b465ee728b)
Start importing Assets/Prefabs/PlayerParrent.prefab using Guid(b35bbd9183353ba4d8a720a9438165d8) Importer(815301076,1909f56bfc062723c751e8b465ee728b)  -> (artifact id: 'cd408b569a28598d5f81bdbf6313a549') in 0.069211 seconds 
========================================================================
Received Import Request.
  Time since last request: 3.156188 seconds.
  path: Assets/Prefabs/PlayerParrent.prefab
  artifactKey: Guid(b35bbd9183353ba4d8a720a9438165d8) Importer(815301076,1909f56bfc062723c751e8b465ee728b)
Start importing Assets/Prefabs/PlayerParrent.prefab using Guid(b35bbd9183353ba4d8a720a9438165d8) Importer(815301076,1909f56bfc062723c751e8b465ee728b)  -> (artifact id: '6f9b67f1fe841bf2e088a6c5e4c7034a') in 0.069484 seconds 
========================================================================
Received Prepare
Registering precompiled user dll's ...
Registered in 0.000653 seconds.
Begin MonoManager ReloadAssembly
Native extension for WindowsStandalone target not found
Refreshing native plugins compatible for Editor in 0.39 ms, found 0 plugins.
Preloading 0 native plugins for Editor in 0.00 ms.
Mono: successfully reloaded assembly
- Completed reload, in  0.829 seconds
Platform modules already initialized, skipping
Shader 'Universal Render Pipeline/Particles/Lit': fallback shader 'Universal Render Pipeline/Particles/SimpleLit' not found
Refreshing native plugins compatible for Editor in 0.39 ms, found 0 plugins.
Preloading 0 native plugins for Editor in 0.00 ms.
Unloading 2648 Unused Serialized files (Serialized files now loaded: 0)
System memory in use before: 127.7 MB.
System memory in use after: 128.0 MB.

Unloading 4 unused Assets to reduce memory usage. Loaded Objects now: 3510.
Total: 3.014500 ms (FindLiveObjects: 0.303500 ms CreateObjectMapping: 0.149000 ms MarkObjects: 2.544400 ms  DeleteObjects: 0.016400 ms)

========================================================================
Received Prepare
Registering precompiled user dll's ...
Registered in 0.000966 seconds.
Begin MonoManager ReloadAssembly
Native extension for WindowsStandalone target not found
Refreshing native plugins compatible for Editor in 0.81 ms, found 0 plugins.
Preloading 0 native plugins for Editor in 0.00 ms.
Mono: successfully reloaded assembly
- Completed reload, in  1.081 seconds
Platform modules already initialized, skipping
Shader 'Universal Render Pipeline/Particles/Lit': fallback shader 'Universal Render Pipeline/Particles/SimpleLit' not found
Refreshing native plugins compatible for Editor in 0.43 ms, found 0 plugins.
Preloading 0 native plugins for Editor in 0.00 ms.
Unloading 2648 Unused Serialized files (Serialized files now loaded: 0)
System memory in use before: 127.7 MB.
System memory in use after: 128.0 MB.

Unloading 4 unused Assets to reduce memory usage. Loaded Objects now: 3513.
Total: 4.966900 ms (FindLiveObjects: 0.704400 ms CreateObjectMapping: 0.799600 ms MarkObjects: 3.438300 ms  DeleteObjects: 0.023000 ms)

========================================================================
Received Prepare
Registering precompiled user dll's ...
Registered in 0.001131 seconds.
Begin MonoManager ReloadAssembly
Native extension for WindowsStandalone target not found
Refreshing native plugins compatible for Editor in 0.38 ms, found 0 plugins.
Preloading 0 native plugins for Editor in 0.00 ms.
Mono: successfully reloaded assembly
- Completed reload, in  0.857 seconds
Platform modules already initialized, skipping
Shader 'Universal Render Pipeline/Particles/Lit': fallback shader 'Universal Render Pipeline/Particles/SimpleLit' not found
Refreshing native plugins compatible for Editor in 0.38 ms, found 0 plugins.
Preloading 0 native plugins for Editor in 0.00 ms.
Unloading 2648 Unused Serialized files (Serialized files now loaded: 0)
System memory in use before: 127.6 MB.
System memory in use after: 127.9 MB.

Unloading 4 unused Assets to reduce memory usage. Loaded Objects now: 3516.
Total: 2.363200 ms (FindLiveObjects: 0.231700 ms CreateObjectMapping: 0.124000 ms MarkObjects: 1.993600 ms  DeleteObjects: 0.012800 ms)

========================================================================
Received Import Request.
  Time since last request: 794.846372 seconds.
  path: Assets/Prefabs/PlayerParrent.prefab
  artifactKey: Guid(b35bbd9183353ba4d8a720a9438165d8) Importer(815301076,1909f56bfc062723c751e8b465ee728b)
Start importing Assets/Prefabs/PlayerParrent.prefab using Guid(b35bbd9183353ba4d8a720a9438165d8) Importer(815301076,1909f56bfc062723c751e8b465ee728b)  -> (artifact id: '10da822d33e2f98e96b893d002299856') in 0.215279 seconds 
========================================================================
Received Import Request.
  Time since last request: 11.762939 seconds.
  path: Assets/Prefabs/PlayerParrent.prefab
  artifactKey: Guid(b35bbd9183353ba4d8a720a9438165d8) Importer(815301076,1909f56bfc062723c751e8b465ee728b)
Start importing Assets/Prefabs/PlayerParrent.prefab using Guid(b35bbd9183353ba4d8a720a9438165d8) Importer(815301076,1909f56bfc062723c751e8b465ee728b)  -> (artifact id: 'c3ebaf24933e1eec0827c03b207aa5a7') in 0.069319 seconds 
========================================================================
Received Import Request.
  Time since last request: 1.720822 seconds.
  path: Assets/Prefabs/PlayerParrent.prefab
  artifactKey: Guid(b35bbd9183353ba4d8a720a9438165d8) Importer(815301076,1909f56bfc062723c751e8b465ee728b)
Start importing Assets/Prefabs/PlayerParrent.prefab using Guid(b35bbd9183353ba4d8a720a9438165d8) Importer(815301076,1909f56bfc062723c751e8b465ee728b)  -> (artifact id: 'f5f332b9d143b729c4ddd4aedea2a1f3') in 0.068152 seconds 
========================================================================
Received Import Request.
  Time since last request: 10.413464 seconds.
  path: Assets/Prefabs/PlayerParrent.prefab
  artifactKey: Guid(b35bbd9183353ba4d8a720a9438165d8) Importer(815301076,1909f56bfc062723c751e8b465ee728b)
Start importing Assets/Prefabs/PlayerParrent.prefab using Guid(b35bbd9183353ba4d8a720a9438165d8) Importer(815301076,1909f56bfc062723c751e8b465ee728b)  -> (artifact id: '032ed6b745f9042b34967ce0a7bebdff') in 0.071515 seconds 
========================================================================
Received Import Request.
  Time since last request: 3.144040 seconds.
  path: Assets/Prefabs/PlayerParrent.prefab
  artifactKey: Guid(b35bbd9183353ba4d8a720a9438165d8) Importer(815301076,1909f56bfc062723c751e8b465ee728b)
Start importing Assets/Prefabs/PlayerParrent.prefab using Guid(b35bbd9183353ba4d8a720a9438165d8) Importer(815301076,1909f56bfc062723c751e8b465ee728b)  -> (artifact id: '199fa5cdf1098defac994c418db66111') in 0.080323 seconds 
========================================================================
Received Import Request.
  Time since last request: 1.723703 seconds.
  path: Assets/Prefabs/PlayerParrent.prefab
  artifactKey: Guid(b35bbd9183353ba4d8a720a9438165d8) Importer(815301076,1909f56bfc062723c751e8b465ee728b)
Start importing Assets/Prefabs/PlayerParrent.prefab using Guid(b35bbd9183353ba4d8a720a9438165d8) Importer(815301076,1909f56bfc062723c751e8b465ee728b)  -> (artifact id: '76958ad16715c34ccea4a1ceda96b63a') in 0.068062 seconds 
========================================================================
Received Import Request.
  Time since last request: 1.544965 seconds.
  path: Assets/Prefabs/PlayerParrent.prefab
  artifactKey: Guid(b35bbd9183353ba4d8a720a9438165d8) Importer(815301076,1909f56bfc062723c751e8b465ee728b)
Start importing Assets/Prefabs/PlayerParrent.prefab using Guid(b35bbd9183353ba4d8a720a9438165d8) Importer(815301076,1909f56bfc062723c751e8b465ee728b)  -> (artifact id: 'd7fb7a4511b81a2950e848d3ac73acc1') in 0.075888 seconds 
========================================================================
Received Import Request.
  Time since last request: 2.332567 seconds.
  path: Assets/Prefabs/PlayerParrent.prefab
  artifactKey: Guid(b35bbd9183353ba4d8a720a9438165d8) Importer(815301076,1909f56bfc062723c751e8b465ee728b)
Start importing Assets/Prefabs/PlayerParrent.prefab using Guid(b35bbd9183353ba4d8a720a9438165d8) Importer(815301076,1909f56bfc062723c751e8b465ee728b)  -> (artifact id: '72aedd93331e99bd8bcbab8fd794bad0') in 0.070936 seconds 
========================================================================
Received Import Request.
  Time since last request: 1.545366 seconds.
  path: Assets/Prefabs/PlayerParrent.prefab
  artifactKey: Guid(b35bbd9183353ba4d8a720a9438165d8) Importer(815301076,1909f56bfc062723c751e8b465ee728b)
Start importing Assets/Prefabs/PlayerParrent.prefab using Guid(b35bbd9183353ba4d8a720a9438165d8) Importer(815301076,1909f56bfc062723c751e8b465ee728b)  -> (artifact id: '1619f767f07ee267b8074b8cf3d17c6a') in 0.076546 seconds 
========================================================================
Received Import Request.
  Time since last request: 2.134804 seconds.
  path: Assets/Prefabs/PlayerParrent.prefab
  artifactKey: Guid(b35bbd9183353ba4d8a720a9438165d8) Importer(815301076,1909f56bfc062723c751e8b465ee728b)
Start importing Assets/Prefabs/PlayerParrent.prefab using Guid(b35bbd9183353ba4d8a720a9438165d8) Importer(815301076,1909f56bfc062723c751e8b465ee728b)  -> (artifact id: '4ad455c4d52ff9b79c1f0999e9d7536f') in 0.067318 seconds 
========================================================================
Received Import Request.
  Time since last request: 6.367877 seconds.
  path: Assets/Prefabs/PlayerParrent.prefab
  artifactKey: Guid(b35bbd9183353ba4d8a720a9438165d8) Importer(815301076,1909f56bfc062723c751e8b465ee728b)
Start importing Assets/Prefabs/PlayerParrent.prefab using Guid(b35bbd9183353ba4d8a720a9438165d8) Importer(815301076,1909f56bfc062723c751e8b465ee728b)  -> (artifact id: '9664cfc4c78803b513bd4b873e806770') in 0.070769 seconds 
========================================================================
Received Prepare
Registering precompiled user dll's ...
Registered in 0.000769 seconds.
Begin MonoManager ReloadAssembly
Native extension for WindowsStandalone target not found
Refreshing native plugins compatible for Editor in 0.39 ms, found 0 plugins.
Preloading 0 native plugins for Editor in 0.00 ms.
Mono: successfully reloaded assembly
- Completed reload, in  1.155 seconds
Platform modules already initialized, skipping
Shader 'Universal Render Pipeline/Particles/Lit': fallback shader 'Universal Render Pipeline/Particles/SimpleLit' not found
Refreshing native plugins compatible for Editor in 0.44 ms, found 0 plugins.
Preloading 0 native plugins for Editor in 0.00 ms.
Unloading 2648 Unused Serialized files (Serialized files now loaded: 0)
System memory in use before: 127.8 MB.
System memory in use after: 128.0 MB.

Unloading 4 unused Assets to reduce memory usage. Loaded Objects now: 3555.
Total: 3.227700 ms (FindLiveObjects: 0.277200 ms CreateObjectMapping: 0.377400 ms MarkObjects: 2.556600 ms  DeleteObjects: 0.015100 ms)

========================================================================
Received Prepare
Registering precompiled user dll's ...
Registered in 0.000883 seconds.
Begin MonoManager ReloadAssembly
Native extension for WindowsStandalone target not found
Refreshing native plugins compatible for Editor in 0.45 ms, found 0 plugins.
Preloading 0 native plugins for Editor in 0.00 ms.
Mono: successfully reloaded assembly
- Completed reload, in  0.986 seconds
Platform modules already initialized, skipping
Shader 'Universal Render Pipeline/Particles/Lit': fallback shader 'Universal Render Pipeline/Particles/SimpleLit' not found
Refreshing native plugins compatible for Editor in 0.53 ms, found 0 plugins.
Preloading 0 native plugins for Editor in 0.00 ms.
Unloading 2648 Unused Serialized files (Serialized files now loaded: 0)
System memory in use before: 127.8 MB.
System memory in use after: 128.0 MB.

Unloading 4 unused Assets to reduce memory usage. Loaded Objects now: 3558.
Total: 4.168500 ms (FindLiveObjects: 0.853700 ms CreateObjectMapping: 0.561200 ms MarkObjects: 2.729000 ms  DeleteObjects: 0.023100 ms)

========================================================================
Received Prepare
Registering precompiled user dll's ...
Registered in 0.000669 seconds.
Begin MonoManager ReloadAssembly
Native extension for WindowsStandalone target not found
Refreshing native plugins compatible for Editor in 0.45 ms, found 0 plugins.
Preloading 0 native plugins for Editor in 0.00 ms.
Mono: successfully reloaded assembly
- Completed reload, in  0.843 seconds
Platform modules already initialized, skipping
Shader 'Universal Render Pipeline/Particles/Lit': fallback shader 'Universal Render Pipeline/Particles/SimpleLit' not found
Refreshing native plugins compatible for Editor in 0.45 ms, found 0 plugins.
Preloading 0 native plugins for Editor in 0.00 ms.
Unloading 2648 Unused Serialized files (Serialized files now loaded: 0)
System memory in use before: 127.7 MB.
System memory in use after: 127.9 MB.

Unloading 4 unused Assets to reduce memory usage. Loaded Objects now: 3561.
Total: 2.909000 ms (FindLiveObjects: 0.261000 ms CreateObjectMapping: 0.125900 ms MarkObjects: 2.497800 ms  DeleteObjects: 0.023100 ms)

========================================================================
Received Prepare
Registering precompiled user dll's ...
Registered in 0.000652 seconds.
Begin MonoManager ReloadAssembly
Native extension for WindowsStandalone target not found
Refreshing native plugins compatible for Editor in 0.38 ms, found 0 plugins.
Preloading 0 native plugins for Editor in 0.00 ms.
Mono: successfully reloaded assembly
- Completed reload, in  0.784 seconds
Platform modules already initialized, skipping
Shader 'Universal Render Pipeline/Particles/Lit': fallback shader 'Universal Render Pipeline/Particles/SimpleLit' not found
Refreshing native plugins compatible for Editor in 0.44 ms, found 0 plugins.
Preloading 0 native plugins for Editor in 0.00 ms.
Unloading 2648 Unused Serialized files (Serialized files now loaded: 0)
System memory in use before: 127.7 MB.
System memory in use after: 127.9 MB.

Unloading 4 unused Assets to reduce memory usage. Loaded Objects now: 3564.
Total: 2.665200 ms (FindLiveObjects: 0.261600 ms CreateObjectMapping: 0.135900 ms MarkObjects: 2.252100 ms  DeleteObjects: 0.014300 ms)

========================================================================
Received Import Request.
  Time since last request: 1359.409631 seconds.
  path: Assets/Prefabs/PlayerParrent.prefab
  artifactKey: Guid(b35bbd9183353ba4d8a720a9438165d8) Importer(815301076,1909f56bfc062723c751e8b465ee728b)
Start importing Assets/Prefabs/PlayerParrent.prefab using Guid(b35bbd9183353ba4d8a720a9438165d8) Importer(815301076,1909f56bfc062723c751e8b465ee728b)  -> (artifact id: '82b3bf014019f8e0125b3c8450d66742') in 0.259516 seconds 
========================================================================
Received Import Request.
  Time since last request: 0.842681 seconds.
  path: Assets/Prefabs/PlayerParrent.prefab
  artifactKey: Guid(b35bbd9183353ba4d8a720a9438165d8) Importer(815301076,1909f56bfc062723c751e8b465ee728b)
Start importing Assets/Prefabs/PlayerParrent.prefab using Guid(b35bbd9183353ba4d8a720a9438165d8) Importer(815301076,1909f56bfc062723c751e8b465ee728b)  -> (artifact id: 'cf1abefd07f2cf853f3e2159d9d7c68d') in 0.082228 seconds 
========================================================================
Received Import Request.
  Time since last request: 2.137553 seconds.
  path: Assets/Prefabs/PlayerParrent.prefab
  artifactKey: Guid(b35bbd9183353ba4d8a720a9438165d8) Importer(815301076,1909f56bfc062723c751e8b465ee728b)
Start importing Assets/Prefabs/PlayerParrent.prefab using Guid(b35bbd9183353ba4d8a720a9438165d8) Importer(815301076,1909f56bfc062723c751e8b465ee728b)  -> (artifact id: 'fccc850f7a32bf3e1f6f98aa3c7d245b') in 0.080087 seconds 
========================================================================
Received Import Request.
  Time since last request: 1.523132 seconds.
  path: Assets/Prefabs/PlayerParrent.prefab
  artifactKey: Guid(b35bbd9183353ba4d8a720a9438165d8) Importer(815301076,1909f56bfc062723c751e8b465ee728b)
Start importing Assets/Prefabs/PlayerParrent.prefab using Guid(b35bbd9183353ba4d8a720a9438165d8) Importer(815301076,1909f56bfc062723c751e8b465ee728b)  -> (artifact id: '7561af0680ff71f1d5c13e3e3f0db1aa') in 0.069489 seconds 
========================================================================
Received Prepare
Registering precompiled user dll's ...
Registered in 0.000860 seconds.
Begin MonoManager ReloadAssembly
Native extension for WindowsStandalone target not found
Refreshing native plugins compatible for Editor in 0.43 ms, found 0 plugins.
Preloading 0 native plugins for Editor in 0.00 ms.
Mono: successfully reloaded assembly
- Completed reload, in  1.069 seconds
Platform modules already initialized, skipping
Shader 'Universal Render Pipeline/Particles/Lit': fallback shader 'Universal Render Pipeline/Particles/SimpleLit' not found
Refreshing native plugins compatible for Editor in 0.62 ms, found 0 plugins.
Preloading 0 native plugins for Editor in 0.00 ms.
Unloading 2648 Unused Serialized files (Serialized files now loaded: 0)
System memory in use before: 127.8 MB.
System memory in use after: 128.1 MB.

Unloading 4 unused Assets to reduce memory usage. Loaded Objects now: 3603.
Total: 5.834900 ms (FindLiveObjects: 0.745300 ms CreateObjectMapping: 0.769100 ms MarkObjects: 4.297300 ms  DeleteObjects: 0.022100 ms)

========================================================================
Received Import Request.
  Time since last request: 166.222027 seconds.
  path: Assets/Prefabs/PlayerParrent.prefab
  artifactKey: Guid(b35bbd9183353ba4d8a720a9438165d8) Importer(815301076,1909f56bfc062723c751e8b465ee728b)
Start importing Assets/Prefabs/PlayerParrent.prefab using Guid(b35bbd9183353ba4d8a720a9438165d8) Importer(815301076,1909f56bfc062723c751e8b465ee728b)  -> (artifact id: '7f760e3bd307fcf85b66fd8a0ff59c58') in 0.238544 seconds 
========================================================================
Received Import Request.
  Time since last request: 2.953791 seconds.
  path: Assets/Prefabs/PlayerParrent.prefab
  artifactKey: Guid(b35bbd9183353ba4d8a720a9438165d8) Importer(815301076,1909f56bfc062723c751e8b465ee728b)
Start importing Assets/Prefabs/PlayerParrent.prefab using Guid(b35bbd9183353ba4d8a720a9438165d8) Importer(815301076,1909f56bfc062723c751e8b465ee728b)  -> (artifact id: '905c88a7df49cb5776b63d8e1c7cf49a') in 0.077010 seconds 
========================================================================
Received Import Request.
  Time since last request: 2.536100 seconds.
  path: Assets/Prefabs/PlayerParrent.prefab
  artifactKey: Guid(b35bbd9183353ba4d8a720a9438165d8) Importer(815301076,1909f56bfc062723c751e8b465ee728b)
Start importing Assets/Prefabs/PlayerParrent.prefab using Guid(b35bbd9183353ba4d8a720a9438165d8) Importer(815301076,1909f56bfc062723c751e8b465ee728b)  -> (artifact id: 'f72b8bd0fd338b021281c6d53688f739') in 0.083540 seconds 
========================================================================
Received Import Request.
  Time since last request: 3.131834 seconds.
  path: Assets/Prefabs/PlayerParrent.prefab
  artifactKey: Guid(b35bbd9183353ba4d8a720a9438165d8) Importer(815301076,1909f56bfc062723c751e8b465ee728b)
Start importing Assets/Prefabs/PlayerParrent.prefab using Guid(b35bbd9183353ba4d8a720a9438165d8) Importer(815301076,1909f56bfc062723c751e8b465ee728b)  -> (artifact id: 'e9dd62efacef4127a81e209be3237939') in 0.067894 seconds 
========================================================================
Received Import Request.
  Time since last request: 14.055329 seconds.
  path: Assets/Prefabs/PlayerParrent.prefab
  artifactKey: Guid(b35bbd9183353ba4d8a720a9438165d8) Importer(815301076,1909f56bfc062723c751e8b465ee728b)
Start importing Assets/Prefabs/PlayerParrent.prefab using Guid(b35bbd9183353ba4d8a720a9438165d8) Importer(815301076,1909f56bfc062723c751e8b465ee728b)  -> (artifact id: '25911728d8f3645982f202cfafbc3a54') in 0.079090 seconds 
========================================================================
Received Import Request.
  Time since last request: 3.542423 seconds.
  path: Assets/Prefabs/PlayerParrent.prefab
  artifactKey: Guid(b35bbd9183353ba4d8a720a9438165d8) Importer(815301076,1909f56bfc062723c751e8b465ee728b)
Start importing Assets/Prefabs/PlayerParrent.prefab using Guid(b35bbd9183353ba4d8a720a9438165d8) Importer(815301076,1909f56bfc062723c751e8b465ee728b)  -> (artifact id: 'c64cd9026784d93c73072b981bc7e6cf') in 0.070823 seconds 
========================================================================
Received Import Request.
  Time since last request: 4.755162 seconds.
  path: Assets/Prefabs/PlayerParrent.prefab
  artifactKey: Guid(b35bbd9183353ba4d8a720a9438165d8) Importer(815301076,1909f56bfc062723c751e8b465ee728b)
Start importing Assets/Prefabs/PlayerParrent.prefab using Guid(b35bbd9183353ba4d8a720a9438165d8) Importer(815301076,1909f56bfc062723c751e8b465ee728b)  -> (artifact id: '2664e4c2ad1fa514a6372f072c88bb52') in 0.082248 seconds 
========================================================================
Received Import Request.
  Time since last request: 5.957782 seconds.
  path: Assets/Prefabs/PlayerParrent.prefab
  artifactKey: Guid(b35bbd9183353ba4d8a720a9438165d8) Importer(815301076,1909f56bfc062723c751e8b465ee728b)
Start importing Assets/Prefabs/PlayerParrent.prefab using Guid(b35bbd9183353ba4d8a720a9438165d8) Importer(815301076,1909f56bfc062723c751e8b465ee728b)  -> (artifact id: 'a5a9e2a6114ffc0c007b0b43174e6365') in 0.076985 seconds 
========================================================================
Received Import Request.
  Time since last request: 3.131512 seconds.
  path: Assets/Prefabs/PlayerParrent.prefab
  artifactKey: Guid(b35bbd9183353ba4d8a720a9438165d8) Importer(815301076,1909f56bfc062723c751e8b465ee728b)
Start importing Assets/Prefabs/PlayerParrent.prefab using Guid(b35bbd9183353ba4d8a720a9438165d8) Importer(815301076,1909f56bfc062723c751e8b465ee728b)  -> (artifact id: 'a574854ca575137e2af3e0642e2a08e0') in 0.079524 seconds 
========================================================================
Received Import Request.
  Time since last request: 2.527796 seconds.
  path: Assets/Prefabs/PlayerParrent.prefab
  artifactKey: Guid(b35bbd9183353ba4d8a720a9438165d8) Importer(815301076,1909f56bfc062723c751e8b465ee728b)
Start importing Assets/Prefabs/PlayerParrent.prefab using Guid(b35bbd9183353ba4d8a720a9438165d8) Importer(815301076,1909f56bfc062723c751e8b465ee728b)  -> (artifact id: 'ac22f41bf7726df7f85e1f2003666d4c') in 0.076395 seconds 
========================================================================
Received Import Request.
  Time since last request: 2.125645 seconds.
  path: Assets/Prefabs/PlayerParrent.prefab
  artifactKey: Guid(b35bbd9183353ba4d8a720a9438165d8) Importer(815301076,1909f56bfc062723c751e8b465ee728b)
Start importing Assets/Prefabs/PlayerParrent.prefab using Guid(b35bbd9183353ba4d8a720a9438165d8) Importer(815301076,1909f56bfc062723c751e8b465ee728b)  -> (artifact id: '75cca11a0b4a04987e92aeed8ba3321b') in 0.084860 seconds 
========================================================================
Received Import Request.
  Time since last request: 8.832871 seconds.
  path: Assets/Prefabs/PlayerParrent.prefab
  artifactKey: Guid(b35bbd9183353ba4d8a720a9438165d8) Importer(815301076,1909f56bfc062723c751e8b465ee728b)
Start importing Assets/Prefabs/PlayerParrent.prefab using Guid(b35bbd9183353ba4d8a720a9438165d8) Importer(815301076,1909f56bfc062723c751e8b465ee728b)  -> (artifact id: 'a3ea21ab2a41e1bda8ae9238f4902d8a') in 0.077044 seconds 
========================================================================
Received Import Request.
  Time since last request: 11.273872 seconds.
  path: Assets/Prefabs/PlayerParrent.prefab
  artifactKey: Guid(b35bbd9183353ba4d8a720a9438165d8) Importer(815301076,1909f56bfc062723c751e8b465ee728b)
Start importing Assets/Prefabs/PlayerParrent.prefab using Guid(b35bbd9183353ba4d8a720a9438165d8) Importer(815301076,1909f56bfc062723c751e8b465ee728b)  -> (artifact id: 'ab8bbef9c36bb8b98bebe8c200e73a45') in 0.068418 seconds 
========================================================================
Received Prepare
Registering precompiled user dll's ...
Registered in 0.000673 seconds.
Begin MonoManager ReloadAssembly
Native extension for WindowsStandalone target not found
Refreshing native plugins compatible for Editor in 2.05 ms, found 0 plugins.
Preloading 0 native plugins for Editor in 0.00 ms.
Mono: successfully reloaded assembly
- Completed reload, in  1.224 seconds
Platform modules already initialized, skipping
Shader 'Universal Render Pipeline/Particles/Lit': fallback shader 'Universal Render Pipeline/Particles/SimpleLit' not found
Refreshing native plugins compatible for Editor in 0.60 ms, found 0 plugins.
Preloading 0 native plugins for Editor in 0.00 ms.
Unloading 2648 Unused Serialized files (Serialized files now loaded: 0)
System memory in use before: 128.0 MB.
System memory in use after: 128.2 MB.

Unloading 4 unused Assets to reduce memory usage. Loaded Objects now: 3642.
Total: 3.764300 ms (FindLiveObjects: 0.732200 ms CreateObjectMapping: 0.425100 ms MarkObjects: 2.587600 ms  DeleteObjects: 0.017100 ms)

========================================================================
Received Prepare
Registering precompiled user dll's ...
Registered in 0.000731 seconds.
Begin MonoManager ReloadAssembly
Native extension for WindowsStandalone target not found
Refreshing native plugins compatible for Editor in 0.54 ms, found 0 plugins.
Preloading 0 native plugins for Editor in 0.00 ms.
Mono: successfully reloaded assembly
- Completed reload, in  0.934 seconds
Platform modules already initialized, skipping
Shader 'Universal Render Pipeline/Particles/Lit': fallback shader 'Universal Render Pipeline/Particles/SimpleLit' not found
Refreshing native plugins compatible for Editor in 0.62 ms, found 0 plugins.
Preloading 0 native plugins for Editor in 0.00 ms.
Unloading 2648 Unused Serialized files (Serialized files now loaded: 0)
System memory in use before: 128.0 MB.
System memory in use after: 128.2 MB.

Unloading 4 unused Assets to reduce memory usage. Loaded Objects now: 3645.
Total: 4.454700 ms (FindLiveObjects: 0.360800 ms CreateObjectMapping: 0.289900 ms MarkObjects: 3.786300 ms  DeleteObjects: 0.016600 ms)

========================================================================
Received Import Request.
  Time since last request: 356.148029 seconds.
  path: Assets/Prefabs/PlayerParrent.prefab
  artifactKey: Guid(b35bbd9183353ba4d8a720a9438165d8) Importer(815301076,1909f56bfc062723c751e8b465ee728b)
Start importing Assets/Prefabs/PlayerParrent.prefab using Guid(b35bbd9183353ba4d8a720a9438165d8) Importer(815301076,1909f56bfc062723c751e8b465ee728b)  -> (artifact id: 'c832943040a7c077c75b224603ff0f1c') in 0.240459 seconds 
========================================================================
Received Import Request.
  Time since last request: 1.955320 seconds.
  path: Assets/Prefabs/PlayerParrent.prefab
  artifactKey: Guid(b35bbd9183353ba4d8a720a9438165d8) Importer(815301076,1909f56bfc062723c751e8b465ee728b)
Start importing Assets/Prefabs/PlayerParrent.prefab using Guid(b35bbd9183353ba4d8a720a9438165d8) Importer(815301076,1909f56bfc062723c751e8b465ee728b)  -> (artifact id: '183b1e48ddcff2538b71aa557405c5e7') in 0.078090 seconds 
========================================================================
Received Import Request.
  Time since last request: 2.120307 seconds.
  path: Assets/Prefabs/PlayerParrent.prefab
  artifactKey: Guid(b35bbd9183353ba4d8a720a9438165d8) Importer(815301076,1909f56bfc062723c751e8b465ee728b)
Start importing Assets/Prefabs/PlayerParrent.prefab using Guid(b35bbd9183353ba4d8a720a9438165d8) Importer(815301076,1909f56bfc062723c751e8b465ee728b)  -> (artifact id: 'f2f45f281796d83aeb1234b00cba6c73') in 0.078766 seconds 
========================================================================
Received Prepare
Registering precompiled user dll's ...
Registered in 0.000683 seconds.
Begin MonoManager ReloadAssembly
Native extension for WindowsStandalone target not found
Refreshing native plugins compatible for Editor in 0.43 ms, found 0 plugins.
Preloading 0 native plugins for Editor in 0.00 ms.
Mono: successfully reloaded assembly
- Completed reload, in  1.075 seconds
Platform modules already initialized, skipping
Shader 'Universal Render Pipeline/Particles/Lit': fallback shader 'Universal Render Pipeline/Particles/SimpleLit' not found
Refreshing native plugins compatible for Editor in 0.67 ms, found 0 plugins.
Preloading 0 native plugins for Editor in 0.00 ms.
Unloading 2648 Unused Serialized files (Serialized files now loaded: 0)
System memory in use before: 128.1 MB.
System memory in use after: 128.4 MB.

Unloading 4 unused Assets to reduce memory usage. Loaded Objects now: 3684.
Total: 4.139600 ms (FindLiveObjects: 0.817600 ms CreateObjectMapping: 0.538000 ms MarkObjects: 2.767200 ms  DeleteObjects: 0.014600 ms)

========================================================================
Received Import Request.
  Time since last request: 10.904437 seconds.
  path: Assets/Prefabs/PlayerParrent.prefab
  artifactKey: Guid(b35bbd9183353ba4d8a720a9438165d8) Importer(815301076,1909f56bfc062723c751e8b465ee728b)
Start importing Assets/Prefabs/PlayerParrent.prefab using Guid(b35bbd9183353ba4d8a720a9438165d8) Importer(815301076,1909f56bfc062723c751e8b465ee728b)  -> (artifact id: '0c29c6894f3b08d5d29630e9f07cdab1') in 0.293133 seconds 
========================================================================
Received Import Request.
  Time since last request: 289.943863 seconds.
  path: Assets/Prefabs/PlayerParrent.prefab
  artifactKey: Guid(b35bbd9183353ba4d8a720a9438165d8) Importer(815301076,1909f56bfc062723c751e8b465ee728b)
Start importing Assets/Prefabs/PlayerParrent.prefab using Guid(b35bbd9183353ba4d8a720a9438165d8) Importer(815301076,1909f56bfc062723c751e8b465ee728b)  -> (artifact id: 'f78243f2b774da5035d77e2c1f7f806a') in 0.086642 seconds 
========================================================================
Received Import Request.
  Time since last request: 9.169004 seconds.
  path: Assets/Prefabs/PlayerParrent.prefab
  artifactKey: Guid(b35bbd9183353ba4d8a720a9438165d8) Importer(815301076,1909f56bfc062723c751e8b465ee728b)
Start importing Assets/Prefabs/PlayerParrent.prefab using Guid(b35bbd9183353ba4d8a720a9438165d8) Importer(815301076,1909f56bfc062723c751e8b465ee728b)  -> (artifact id: '8512107e2edf42f0f43ba37bfe570c0e') in 0.082590 seconds 
========================================================================
Received Import Request.
  Time since last request: 4.561348 seconds.
  path: Assets/Prefabs/PlayerParrent.prefab
  artifactKey: Guid(b35bbd9183353ba4d8a720a9438165d8) Importer(815301076,1909f56bfc062723c751e8b465ee728b)
Start importing Assets/Prefabs/PlayerParrent.prefab using Guid(b35bbd9183353ba4d8a720a9438165d8) Importer(815301076,1909f56bfc062723c751e8b465ee728b)  -> (artifact id: 'ae64836a0234b04f8798ac1076c37efa') in 0.081039 seconds 
========================================================================
Received Import Request.
  Time since last request: 3.347117 seconds.
  path: Assets/Prefabs/PlayerParrent.prefab
  artifactKey: Guid(b35bbd9183353ba4d8a720a9438165d8) Importer(815301076,1909f56bfc062723c751e8b465ee728b)
Start importing Assets/Prefabs/PlayerParrent.prefab using Guid(b35bbd9183353ba4d8a720a9438165d8) Importer(815301076,1909f56bfc062723c751e8b465ee728b)  -> (artifact id: 'ad751053ee9de33c5b44ba4a3a1154c9') in 0.092181 seconds 
========================================================================
Received Import Request.
  Time since last request: 3.725844 seconds.
  path: Assets/Prefabs/PlayerParrent.prefab
  artifactKey: Guid(b35bbd9183353ba4d8a720a9438165d8) Importer(815301076,1909f56bfc062723c751e8b465ee728b)
Start importing Assets/Prefabs/PlayerParrent.prefab using Guid(b35bbd9183353ba4d8a720a9438165d8) Importer(815301076,1909f56bfc062723c751e8b465ee728b)  -> (artifact id: 'bf10b6c54140de5cd3615507d64d2773') in 0.075867 seconds 
========================================================================
Received Import Request.
  Time since last request: 5.777266 seconds.
  path: Assets/Prefabs/PlayerParrent.prefab
  artifactKey: Guid(b35bbd9183353ba4d8a720a9438165d8) Importer(815301076,1909f56bfc062723c751e8b465ee728b)
Start importing Assets/Prefabs/PlayerParrent.prefab using Guid(b35bbd9183353ba4d8a720a9438165d8) Importer(815301076,1909f56bfc062723c751e8b465ee728b)  -> (artifact id: '649c5c6e5e97a16c0e0bf59cc16ecf16') in 0.077457 seconds 
========================================================================
Received Import Request.
  Time since last request: 18.866488 seconds.
  path: Assets/Prefabs/PlayerParrent.prefab
  artifactKey: Guid(b35bbd9183353ba4d8a720a9438165d8) Importer(815301076,1909f56bfc062723c751e8b465ee728b)
Start importing Assets/Prefabs/PlayerParrent.prefab using Guid(b35bbd9183353ba4d8a720a9438165d8) Importer(815301076,1909f56bfc062723c751e8b465ee728b)  -> (artifact id: 'd8aae3de01f9dfab8e9890162aaeadbe') in 0.070754 seconds 
========================================================================
Received Prepare
Registering precompiled user dll's ...
Registered in 0.000657 seconds.
Begin MonoManager ReloadAssembly
Native extension for WindowsStandalone target not found
Refreshing native plugins compatible for Editor in 0.42 ms, found 0 plugins.
Preloading 0 native plugins for Editor in 0.00 ms.
Mono: successfully reloaded assembly
- Completed reload, in  0.835 seconds
Platform modules already initialized, skipping
Shader 'Universal Render Pipeline/Particles/Lit': fallback shader 'Universal Render Pipeline/Particles/SimpleLit' not found
Refreshing native plugins compatible for Editor in 0.46 ms, found 0 plugins.
Preloading 0 native plugins for Editor in 0.00 ms.
Unloading 2648 Unused Serialized files (Serialized files now loaded: 0)
System memory in use before: 128.2 MB.
System memory in use after: 128.4 MB.

Unloading 4 unused Assets to reduce memory usage. Loaded Objects now: 3723.
Total: 3.210600 ms (FindLiveObjects: 0.398400 ms CreateObjectMapping: 0.141600 ms MarkObjects: 2.652800 ms  DeleteObjects: 0.016400 ms)

========================================================================
Received Import Request.
  Time since last request: 200.989027 seconds.
  path: Assets/Prefabs/PlayerParrent.prefab
  artifactKey: Guid(b35bbd9183353ba4d8a720a9438165d8) Importer(815301076,1909f56bfc062723c751e8b465ee728b)
Start importing Assets/Prefabs/PlayerParrent.prefab using Guid(b35bbd9183353ba4d8a720a9438165d8) Importer(815301076,1909f56bfc062723c751e8b465ee728b)  -> (artifact id: 'aa0537ee0041f0e704f3e39915ba6200') in 0.213890 seconds 
========================================================================
Received Import Request.
  Time since last request: 1.235798 seconds.
  path: Assets/Prefabs/PlayerParrent.prefab
  artifactKey: Guid(b35bbd9183353ba4d8a720a9438165d8) Importer(815301076,1909f56bfc062723c751e8b465ee728b)
Start importing Assets/Prefabs/PlayerParrent.prefab using Guid(b35bbd9183353ba4d8a720a9438165d8) Importer(815301076,1909f56bfc062723c751e8b465ee728b)  -> (artifact id: '6dae98eda861dc124e4d9a8dacd21b0e') in 0.074627 seconds 
========================================================================
Received Import Request.
  Time since last request: 2.740428 seconds.
  path: Assets/Prefabs/PlayerParrent.prefab
  artifactKey: Guid(b35bbd9183353ba4d8a720a9438165d8) Importer(815301076,1909f56bfc062723c751e8b465ee728b)
Start importing Assets/Prefabs/PlayerParrent.prefab using Guid(b35bbd9183353ba4d8a720a9438165d8) Importer(815301076,1909f56bfc062723c751e8b465ee728b)  -> (artifact id: '3600e205ce3fbd1555a79da4af3db0f1') in 0.070227 seconds 
========================================================================
Received Import Request.
  Time since last request: 0.525226 seconds.
  path: Assets/Prefabs/PlayerParrent.prefab
  artifactKey: Guid(b35bbd9183353ba4d8a720a9438165d8) Importer(815301076,1909f56bfc062723c751e8b465ee728b)
Start importing Assets/Prefabs/PlayerParrent.prefab using Guid(b35bbd9183353ba4d8a720a9438165d8) Importer(815301076,1909f56bfc062723c751e8b465ee728b)  -> (artifact id: 'f917efa7e8ccf47e77700607209f08c0') in 0.076041 seconds 
========================================================================
Received Import Request.
  Time since last request: 1.126815 seconds.
  path: Assets/Prefabs/PlayerParrent.prefab
  artifactKey: Guid(b35bbd9183353ba4d8a720a9438165d8) Importer(815301076,1909f56bfc062723c751e8b465ee728b)
Start importing Assets/Prefabs/PlayerParrent.prefab using Guid(b35bbd9183353ba4d8a720a9438165d8) Importer(815301076,1909f56bfc062723c751e8b465ee728b)  -> (artifact id: 'ca8fd56dbddbc882858f2f5d4926c1ad') in 0.072052 seconds 
========================================================================
Received Import Request.
  Time since last request: 1.129907 seconds.
  path: Assets/Prefabs/PlayerParrent.prefab
  artifactKey: Guid(b35bbd9183353ba4d8a720a9438165d8) Importer(815301076,1909f56bfc062723c751e8b465ee728b)
Start importing Assets/Prefabs/PlayerParrent.prefab using Guid(b35bbd9183353ba4d8a720a9438165d8) Importer(815301076,1909f56bfc062723c751e8b465ee728b)  -> (artifact id: '5106ff25dd0043b6f94b408865386080') in 0.086404 seconds 
========================================================================
Received Import Request.
  Time since last request: 2.333740 seconds.
  path: Assets/Prefabs/PlayerParrent.prefab
  artifactKey: Guid(b35bbd9183353ba4d8a720a9438165d8) Importer(815301076,1909f56bfc062723c751e8b465ee728b)
Start importing Assets/Prefabs/PlayerParrent.prefab using Guid(b35bbd9183353ba4d8a720a9438165d8) Importer(815301076,1909f56bfc062723c751e8b465ee728b)  -> (artifact id: 'd8a2bfd8672a5c89cfcb7760ae52edb6') in 0.072232 seconds 
========================================================================
Received Import Request.
  Time since last request: 1.125908 seconds.
  path: Assets/Prefabs/PlayerParrent.prefab
  artifactKey: Guid(b35bbd9183353ba4d8a720a9438165d8) Importer(815301076,1909f56bfc062723c751e8b465ee728b)
Start importing Assets/Prefabs/PlayerParrent.prefab using Guid(b35bbd9183353ba4d8a720a9438165d8) Importer(815301076,1909f56bfc062723c751e8b465ee728b)  -> (artifact id: '8c5c08c81a0b12e4e01cfd9189eea904') in 0.082274 seconds 
========================================================================
Received Prepare
Registering precompiled user dll's ...
Registered in 0.000916 seconds.
Begin MonoManager ReloadAssembly
Native extension for WindowsStandalone target not found
Refreshing native plugins compatible for Editor in 0.48 ms, found 0 plugins.
Preloading 0 native plugins for Editor in 0.00 ms.
Mono: successfully reloaded assembly
- Completed reload, in  1.177 seconds
Platform modules already initialized, skipping
Shader 'Universal Render Pipeline/Particles/Lit': fallback shader 'Universal Render Pipeline/Particles/SimpleLit' not found
Refreshing native plugins compatible for Editor in 0.39 ms, found 0 plugins.
Preloading 0 native plugins for Editor in 0.00 ms.
Unloading 2648 Unused Serialized files (Serialized files now loaded: 0)
System memory in use before: 128.2 MB.
System memory in use after: 128.5 MB.

Unloading 4 unused Assets to reduce memory usage. Loaded Objects now: 3762.
Total: 4.085900 ms (FindLiveObjects: 0.269200 ms CreateObjectMapping: 0.124200 ms MarkObjects: 3.676700 ms  DeleteObjects: 0.015100 ms)

AssetImportWorkerClient::OnTransportError - code=2 error=End of file
